<?xml version="1.0" encoding="UTF-8"?>
<coverage generated="1627886946304" clover="3.2.0">
  <project timestamp="1627886946304" name="All files">
    <metrics statements="22" coveredstatements="21" conditionals="8" coveredconditionals="5" methods="10" coveredmethods="8" elements="40" coveredelements="34" complexity="0" loc="22" ncloc="22" packages="3" files="4" classes="4"/>
    <package name="src">
      <metrics statements="1" coveredstatements="1" conditionals="0" coveredconditionals="0" methods="1" coveredmethods="1"/>
      <file name="App.js" path="D:\govtech interview homework\ERN stack in git\get-todos-from-directory\client\src\App.js">
        <metrics statements="1" coveredstatements="1" conditionals="0" coveredconditionals="0" methods="1" coveredmethods="1"/>
        <line num="6" count="1" type="stmt"/>
      </file>
    </package>
    <package name="src.components">
      <metrics statements="12" coveredstatements="11" conditionals="6" coveredconditionals="3" methods="6" coveredmethods="4"/>
      <file name="SearchTodoFromFolder.js" path="D:\govtech interview homework\ERN stack in git\get-todos-from-directory\client\src\components\SearchTodoFromFolder.js">
        <metrics statements="10" coveredstatements="9" conditionals="6" coveredconditionals="3" methods="4" coveredmethods="2"/>
        <line num="9" count="1" type="stmt"/>
        <line num="17" count="1" type="stmt"/>
        <line num="19" count="1" type="stmt"/>
        <line num="35" count="1" type="stmt"/>
        <line num="39" count="1" type="stmt"/>
        <line num="43" count="1" type="stmt"/>
        <line num="48" count="1" type="stmt"/>
        <line num="49" count="0" type="stmt"/>
        <line num="52" count="1" type="stmt"/>
        <line num="63" count="1" type="stmt"/>
      </file>
      <file name="TodoResults.js" path="D:\govtech interview homework\ERN stack in git\get-todos-from-directory\client\src\components\TodoResults.js">
        <metrics statements="2" coveredstatements="2" conditionals="0" coveredconditionals="0" methods="2" coveredmethods="2"/>
        <line num="6" count="3" type="stmt"/>
        <line num="9" count="2" type="stmt"/>
      </file>
    </package>
    <package name="src.utils">
      <metrics statements="9" coveredstatements="9" conditionals="2" coveredconditionals="2" methods="3" coveredmethods="3"/>
      <file name="Data.js" path="D:\govtech interview homework\ERN stack in git\get-todos-from-directory\client\src\utils\Data.js">
        <metrics statements="9" coveredstatements="9" conditionals="2" coveredconditionals="2" methods="3" coveredmethods="3"/>
        <line num="2" count="4" type="stmt"/>
        <line num="3" count="4" type="cond" truecount="2" falsecount="0"/>
        <line num="4" count="2" type="stmt"/>
        <line num="6" count="4" type="stmt"/>
        <line num="7" count="4" type="stmt"/>
        <line num="8" count="4" type="stmt"/>
        <line num="9" count="4" type="stmt"/>
        <line num="11" count="4" type="stmt"/>
        <line num="15" count="4" type="stmt"/>
      </file>
    </package>
  </project>
</coverage>
