{"D:\\govtech interview homework\\ERN stack in git\\get-todos-from-directory\\client\\src\\App.js": {"path":"D:\\govtech interview homework\\ERN stack in git\\get-todos-from-directory\\client\\src\\App.js","statementMap":{"0":{"start":{"line":6,"column":2},"end":{"line":25,"column":4}}},"fnMap":{"0":{"name":"App","decl":{"start":{"line":5,"column":9},"end":{"line":5,"column":12}},"loc":{"start":{"line":5,"column":15},"end":{"line":26,"column":1}},"line":5}},"branchMap":{},"s":{"0":1},"f":{"0":1},"b":{},"_coverageSchema":"1a1c01bbd47fc00a2c39e90264f33305004495a9","hash":"5c144b8b1f8a7a5ac583b2ad603d3dc4d4c50d8f"}
,"D:\\govtech interview homework\\ERN stack in git\\get-todos-from-directory\\client\\src\\components\\SearchTodoFromFolder.js": {"path":"D:\\govtech interview homework\\ERN stack in git\\get-todos-from-directory\\client\\src\\components\\SearchTodoFromFolder.js","statementMap":{"0":{"start":{"line":9,"column":45},"end":{"line":9,"column":57}},"1":{"start":{"line":17,"column":6},"end":{"line":17,"column":35}},"2":{"start":{"line":19,"column":20},"end":{"line":33,"column":3}},"3":{"start":{"line":35,"column":22},"end":{"line":37,"column":3}},"4":{"start":{"line":39,"column":22},"end":{"line":41,"column":3}},"5":{"start":{"line":43,"column":22},"end":{"line":45,"column":3}},"6":{"start":{"line":48,"column":2},"end":{"line":50,"column":20}},"7":{"start":{"line":49,"column":4},"end":{"line":49,"column":69}},"8":{"start":{"line":49,"column":40},"end":{"line":49,"column":67}},"9":{"start":{"line":52,"column":16},"end":{"line":61,"column":4}},"10":{"start":{"line":52,"column":31},"end":{"line":57,"column":3}},"11":{"start":{"line":63,"column":2},"end":{"line":79,"column":6}}},"fnMap":{"0":{"name":"SearchTodoFromFolder","decl":{"start":{"line":8,"column":9},"end":{"line":8,"column":29}},"loc":{"start":{"line":8,"column":32},"end":{"line":80,"column":1}},"line":8},"1":{"name":"(anonymous_1)","decl":{"start":{"line":48,"column":12},"end":{"line":48,"column":13}},"loc":{"start":{"line":48,"column":16},"end":{"line":50,"column":3}},"line":48},"2":{"name":"(anonymous_2)","decl":{"start":{"line":49,"column":34},"end":{"line":49,"column":35}},"loc":{"start":{"line":49,"column":40},"end":{"line":49,"column":67}},"line":49},"3":{"name":"(anonymous_3)","decl":{"start":{"line":52,"column":24},"end":{"line":52,"column":25}},"loc":{"start":{"line":52,"column":31},"end":{"line":57,"column":3}},"line":52}},"branchMap":{"0":{"loc":{"start":{"line":54,"column":8},"end":{"line":54,"column":39}},"type":"cond-expr","locations":[{"start":{"line":54,"column":23},"end":{"line":54,"column":34}},{"start":{"line":54,"column":37},"end":{"line":54,"column":39}}],"line":54},"1":{"loc":{"start":{"line":55,"column":8},"end":{"line":55,"column":39}},"type":"cond-expr","locations":[{"start":{"line":55,"column":23},"end":{"line":55,"column":34}},{"start":{"line":55,"column":37},"end":{"line":55,"column":39}}],"line":55},"2":{"loc":{"start":{"line":56,"column":8},"end":{"line":56,"column":39}},"type":"cond-expr","locations":[{"start":{"line":56,"column":23},"end":{"line":56,"column":34}},{"start":{"line":56,"column":37},"end":{"line":56,"column":39}}],"line":56}},"s":{"0":1,"1":1,"2":1,"3":1,"4":1,"5":1,"6":1,"7":0,"8":0,"9":1,"10":1,"11":1},"f":{"0":1,"1":0,"2":0,"3":1},"b":{"0":[0,1],"1":[0,1],"2":[0,1]},"_coverageSchema":"1a1c01bbd47fc00a2c39e90264f33305004495a9","hash":"4f6fc58e5a88fc6d48beb0aee13c0a2d1ced8e9e"}
,"D:\\govtech interview homework\\ERN stack in git\\get-todos-from-directory\\client\\src\\components\\TodoResults.js": {"path":"D:\\govtech interview homework\\ERN stack in git\\get-todos-from-directory\\client\\src\\components\\TodoResults.js","statementMap":{"0":{"start":{"line":6,"column":2},"end":{"line":18,"column":6}},"1":{"start":{"line":9,"column":4},"end":{"line":14,"column":15}}},"fnMap":{"0":{"name":"TodoResults","decl":{"start":{"line":5,"column":9},"end":{"line":5,"column":20}},"loc":{"start":{"line":5,"column":28},"end":{"line":19,"column":1}},"line":5},"1":{"name":"(anonymous_1)","decl":{"start":{"line":8,"column":31},"end":{"line":8,"column":32}},"loc":{"start":{"line":9,"column":4},"end":{"line":14,"column":15}},"line":9}},"branchMap":{},"s":{"0":3,"1":2},"f":{"0":3,"1":2},"b":{},"_coverageSchema":"1a1c01bbd47fc00a2c39e90264f33305004495a9","hash":"6f0e1f2c5aeabe341496dcbe68fcf3013693464c"}
,"D:\\govtech interview homework\\ERN stack in git\\get-todos-from-directory\\client\\src\\utils\\Data.js": {"path":"D:\\govtech interview homework\\ERN stack in git\\get-todos-from-directory\\client\\src\\utils\\Data.js","statementMap":{"0":{"start":{"line":2,"column":2},"end":{"line":16,"column":4}},"1":{"start":{"line":3,"column":4},"end":{"line":5,"column":5}},"2":{"start":{"line":4,"column":6},"end":{"line":4,"column":25}},"3":{"start":{"line":6,"column":23},"end":{"line":6,"column":37}},"4":{"start":{"line":7,"column":6},"end":{"line":10,"column":7}},"5":{"start":{"line":8,"column":21},"end":{"line":8,"column":29}},"6":{"start":{"line":9,"column":8},"end":{"line":9,"column":40}},"7":{"start":{"line":11,"column":6},"end":{"line":15,"column":38}},"8":{"start":{"line":15,"column":18},"end":{"line":15,"column":37}}},"fnMap":{"0":{"name":"fetchData","decl":{"start":{"line":1,"column":16},"end":{"line":1,"column":25}},"loc":{"start":{"line":1,"column":33},"end":{"line":17,"column":1}},"line":1},"1":{"name":"(anonymous_1)","decl":{"start":{"line":2,"column":21},"end":{"line":2,"column":22}},"loc":{"start":{"line":2,"column":30},"end":{"line":16,"column":3}},"line":2},"2":{"name":"(anonymous_2)","decl":{"start":{"line":15,"column":13},"end":{"line":15,"column":14}},"loc":{"start":{"line":15,"column":18},"end":{"line":15,"column":37}},"line":15}},"branchMap":{"0":{"loc":{"start":{"line":3,"column":4},"end":{"line":5,"column":5}},"type":"if","locations":[{"start":{"line":3,"column":4},"end":{"line":5,"column":5}},{"start":{"line":3,"column":4},"end":{"line":5,"column":5}}],"line":3}},"s":{"0":4,"1":4,"2":2,"3":4,"4":4,"5":4,"6":4,"7":4,"8":4},"f":{"0":4,"1":4,"2":4},"b":{"0":[2,2]},"_coverageSchema":"1a1c01bbd47fc00a2c39e90264f33305004495a9","hash":"a163534a57b067c73a6b583640e228de73fc4fa8"}
}
