{"D:\\govtech interview homework\\ERN stack in git\\get-todos-from-directory\\client\\src\\components\\InfoMessage.js": {"path":"D:\\govtech interview homework\\ERN stack in git\\get-todos-from-directory\\client\\src\\components\\InfoMessage.js","statementMap":{"0":{"start":{"line":5,"column":2},"end":{"line":7,"column":6}}},"fnMap":{"0":{"name":"InfoMessage","decl":{"start":{"line":4,"column":9},"end":{"line":4,"column":20}},"loc":{"start":{"line":4,"column":28},"end":{"line":8,"column":1}},"line":4}},"branchMap":{},"s":{"0":1},"f":{"0":1},"b":{},"_coverageSchema":"1a1c01bbd47fc00a2c39e90264f33305004495a9","hash":"0922f5a6ba2b6d8c75cfb4421e80c5e825c96291"}
,"D:\\govtech interview homework\\ERN stack in git\\get-todos-from-directory\\client\\src\\components\\SearchTodoFromFolder.js": {"path":"D:\\govtech interview homework\\ERN stack in git\\get-todos-from-directory\\client\\src\\components\\SearchTodoFromFolder.js","statementMap":{"0":{"start":{"line":8,"column":18},"end":{"line":22,"column":1}},"1":{"start":{"line":24,"column":20},"end":{"line":26,"column":1}},"2":{"start":{"line":28,"column":20},"end":{"line":30,"column":1}},"3":{"start":{"line":32,"column":20},"end":{"line":34,"column":1}},"4":{"start":{"line":36,"column":24},"end":{"line":36,"column":28}},"5":{"start":{"line":40,"column":45},"end":{"line":40,"column":57}},"6":{"start":{"line":41,"column":45},"end":{"line":41,"column":60}},"7":{"start":{"line":42,"column":22},"end":{"line":42,"column":83}},"8":{"start":{"line":50,"column":6},"end":{"line":50,"column":46}},"9":{"start":{"line":52,"column":2},"end":{"line":59,"column":20}},"10":{"start":{"line":53,"column":4},"end":{"line":58,"column":5}},"11":{"start":{"line":54,"column":6},"end":{"line":57,"column":9}},"12":{"start":{"line":55,"column":8},"end":{"line":55,"column":35}},"13":{"start":{"line":56,"column":8},"end":{"line":56,"column":30}},"14":{"start":{"line":61,"column":16},"end":{"line":70,"column":4}},"15":{"start":{"line":61,"column":31},"end":{"line":66,"column":3}},"16":{"start":{"line":72,"column":14},"end":{"line":72,"column":186}},"17":{"start":{"line":74,"column":2},"end":{"line":96,"column":6}}},"fnMap":{"0":{"name":"SearchTodoFromFolder","decl":{"start":{"line":39,"column":9},"end":{"line":39,"column":29}},"loc":{"start":{"line":39,"column":32},"end":{"line":97,"column":1}},"line":39},"1":{"name":"(anonymous_1)","decl":{"start":{"line":52,"column":12},"end":{"line":52,"column":13}},"loc":{"start":{"line":52,"column":16},"end":{"line":59,"column":3}},"line":52},"2":{"name":"(anonymous_2)","decl":{"start":{"line":54,"column":36},"end":{"line":54,"column":37}},"loc":{"start":{"line":54,"column":42},"end":{"line":57,"column":7}},"line":54},"3":{"name":"(anonymous_3)","decl":{"start":{"line":61,"column":24},"end":{"line":61,"column":25}},"loc":{"start":{"line":61,"column":31},"end":{"line":66,"column":3}},"line":61}},"branchMap":{"0":{"loc":{"start":{"line":53,"column":4},"end":{"line":58,"column":5}},"type":"if","locations":[{"start":{"line":53,"column":4},"end":{"line":58,"column":5}},{"start":{"line":53,"column":4},"end":{"line":58,"column":5}}],"line":53},"1":{"loc":{"start":{"line":63,"column":8},"end":{"line":63,"column":39}},"type":"cond-expr","locations":[{"start":{"line":63,"column":23},"end":{"line":63,"column":34}},{"start":{"line":63,"column":37},"end":{"line":63,"column":39}}],"line":63},"2":{"loc":{"start":{"line":64,"column":8},"end":{"line":64,"column":39}},"type":"cond-expr","locations":[{"start":{"line":64,"column":23},"end":{"line":64,"column":34}},{"start":{"line":64,"column":37},"end":{"line":64,"column":39}}],"line":64},"3":{"loc":{"start":{"line":65,"column":8},"end":{"line":65,"column":39}},"type":"cond-expr","locations":[{"start":{"line":65,"column":23},"end":{"line":65,"column":34}},{"start":{"line":65,"column":37},"end":{"line":65,"column":39}}],"line":65},"4":{"loc":{"start":{"line":72,"column":56},"end":{"line":72,"column":88}},"type":"cond-expr","locations":[{"start":{"line":72,"column":81},"end":{"line":72,"column":84}},{"start":{"line":72,"column":86},"end":{"line":72,"column":88}}],"line":72},"5":{"loc":{"start":{"line":72,"column":134},"end":{"line":72,"column":166}},"type":"cond-expr","locations":[{"start":{"line":72,"column":159},"end":{"line":72,"column":162}},{"start":{"line":72,"column":164},"end":{"line":72,"column":166}}],"line":72},"6":{"loc":{"start":{"line":88,"column":7},"end":{"line":88,"column":62}},"type":"binary-expr","locations":[{"start":{"line":88,"column":7},"end":{"line":88,"column":21}},{"start":{"line":88,"column":25},"end":{"line":88,"column":62}}],"line":88},"7":{"loc":{"start":{"line":91,"column":7},"end":{"line":93,"column":13}},"type":"binary-expr","locations":[{"start":{"line":91,"column":7},"end":{"line":91,"column":20}},{"start":{"line":91,"column":24},"end":{"line":93,"column":13}}],"line":91}},"s":{"0":1,"1":1,"2":1,"3":1,"4":1,"5":1,"6":1,"7":1,"8":1,"9":1,"10":0,"11":0,"12":0,"13":0,"14":1,"15":1,"16":1,"17":1},"f":{"0":1,"1":0,"2":0,"3":1},"b":{"0":[0,0],"1":[0,1],"2":[0,1],"3":[0,1],"4":[0,1],"5":[0,1],"6":[1,1],"7":[1,0]},"_coverageSchema":"1a1c01bbd47fc00a2c39e90264f33305004495a9","hash":"0a545b8c7256facddee486b01cf98d329b1b2e43"}
,"D:\\govtech interview homework\\ERN stack in git\\get-todos-from-directory\\client\\src\\components\\TodoResults.js": {"path":"D:\\govtech interview homework\\ERN stack in git\\get-todos-from-directory\\client\\src\\components\\TodoResults.js","statementMap":{"0":{"start":{"line":6,"column":2},"end":{"line":20,"column":6}},"1":{"start":{"line":11,"column":4},"end":{"line":16,"column":15}}},"fnMap":{"0":{"name":"TodoResults","decl":{"start":{"line":5,"column":9},"end":{"line":5,"column":20}},"loc":{"start":{"line":5,"column":28},"end":{"line":21,"column":1}},"line":5},"1":{"name":"(anonymous_1)","decl":{"start":{"line":10,"column":26},"end":{"line":10,"column":27}},"loc":{"start":{"line":11,"column":4},"end":{"line":16,"column":15}},"line":11}},"branchMap":{},"s":{"0":2,"1":2},"f":{"0":2,"1":2},"b":{},"_coverageSchema":"1a1c01bbd47fc00a2c39e90264f33305004495a9","hash":"1e10c0f5c7912965949d486d41a1085c6afb2273"}
}
