TN:
SF:src\MainPage.js
FN:4,MainPage
FNF:1
FNH:1
FNDA:3,MainPage
DA:5,3
LF:1
LH:1
BRF:0
BRH:0
end_of_record
TN:
SF:src\components\DisplayFileResults.js
FN:5,DisplayFileResults
FN:17,(anonymous_1)
FNF:2
FNH:2
FNDA:6,DisplayFileResults
FNDA:8,(anonymous_1)
DA:6,6
DA:8,6
DA:18,8
LF:3
LH:3
BRDA:11,0,0,5
BRDA:11,0,1,1
BRDA:12,1,0,2
BRDA:12,1,1,4
BRDA:13,2,0,5
BRDA:13,2,1,1
BRDA:14,3,0,2
BRDA:14,3,1,4
BRF:8
BRH:8
end_of_record
TN:
SF:src\components\InfoMessage.js
FN:4,InfoMessage
FNF:1
FNH:1
FNDA:15,InfoMessage
DA:5,15
LF:1
LH:1
BRF:0
BRH:0
end_of_record
TN:
SF:src\components\Todo.js
FN:27,Todo
FN:38,(anonymous_1)
FN:41,(anonymous_2)
FN:50,(anonymous_3)
FNF:4
FNH:4
FNDA:15,Todo
FNDA:5,(anonymous_1)
FNDA:2,(anonymous_2)
FNDA:3,(anonymous_3)
DA:8,1
DA:24,1
DA:28,15
DA:29,15
DA:30,15
DA:33,15
DA:36,15
DA:38,15
DA:39,5
DA:40,2
DA:41,2
DA:42,2
DA:43,2
DA:44,2
DA:49,15
DA:50,3
DA:56,15
LF:17
LH:17
BRDA:39,0,0,2
BRDA:39,0,1,3
BRDA:59,1,0,15
BRDA:59,1,1,6
BRDA:75,2,0,15
BRDA:75,2,1,4
BRF:6
BRH:6
end_of_record
TN:
SF:src\utils\data.js
FN:1,fetchData
FN:2,(anonymous_1)
FN:19,(anonymous_2)
FNF:3
FNH:3
FNDA:5,fetchData
FNDA:5,(anonymous_1)
FNDA:5,(anonymous_2)
DA:2,5
DA:3,5
DA:4,1
DA:7,5
DA:8,5
DA:9,1005
DA:10,1005
DA:13,1005
DA:14,1004
DA:16,5
DA:19,5
LF:11
LH:11
BRDA:3,0,0,1
BRDA:3,0,1,4
BRDA:13,1,0,1004
BRDA:13,1,1,1
BRDA:13,2,0,1005
BRDA:13,2,1,1005
BRF:6
BRH:6
end_of_record
