TN:
SF:src\App.js
FN:5,App
FNF:1
FNH:1
FNDA:1,App
DA:6,1
LF:1
LH:1
BRF:0
BRH:0
end_of_record
TN:
SF:src\components\SearchTodoFromFolder.js
FN:8,SearchTodoFromFolder
FN:48,(anonymous_1)
FN:49,(anonymous_2)
FN:52,(anonymous_3)
FNF:4
FNH:2
FNDA:1,SearchTodoFromFolder
FNDA:0,(anonymous_1)
FNDA:0,(anonymous_2)
FNDA:1,(anonymous_3)
DA:9,1
DA:17,1
DA:19,1
DA:35,1
DA:39,1
DA:43,1
DA:48,1
DA:49,0
DA:52,1
DA:63,1
LF:10
LH:9
BRDA:54,0,0,0
BRDA:54,0,1,1
BRDA:55,1,0,0
BRDA:55,1,1,1
BRDA:56,2,0,0
BRDA:56,2,1,1
BRF:6
BRH:3
end_of_record
TN:
SF:src\components\TodoResults.js
FN:5,TodoResults
FN:9,(anonymous_1)
FNF:2
FNH:2
FNDA:3,TodoResults
FNDA:2,(anonymous_1)
DA:7,3
DA:10,2
LF:2
LH:2
BRF:0
BRH:0
end_of_record
TN:
SF:src\utils\data.js
FN:1,fetchData
FN:2,(anonymous_1)
FN:15,(anonymous_2)
FNF:3
FNH:3
FNDA:2,fetchData
FNDA:2,(anonymous_1)
FNDA:2,(anonymous_2)
DA:2,2
DA:3,2
DA:4,1
DA:6,2
DA:7,2
DA:8,2
DA:9,2
DA:11,2
DA:15,2
LF:9
LH:9
BRDA:3,0,0,1
BRDA:3,0,1,1
BRF:2
BRH:2
end_of_record
